0 info it worked if it ends with ok
1 verbose cli [ 'C:\\Program Files\\nodejs\\node.exe',
1 verbose cli   'C:\\Program Files\\nodejs\\node_modules\\npm\\bin\\npm-cli.js',
1 verbose cli   'version',
1 verbose cli   'minor' ]
2 info using npm@2.15.12
3 info using node@v6.10.3
4 info git [ 'status', '--porcelain' ]
5 info preversion polymer-v1.4.0@1.5.0
6 verbose version.write data { name: 'polymer-v1.4.0',
6 verbose version.write   version: '1.5.0',
6 verbose version.write   description: 'The Polymer library makes it easy to create your own web components. Give your element some markup and properties, and then use it on a site. Polymer provides features like dynamic templates and data binding to reduce the amount of boilerplate you need to write',
6 verbose version.write   license: 'http://polymer.github.io/LICENSE.txt',
6 verbose version.write   ignore: [ '/.*', '/test/', 'gen-changelog.sh' ],
6 verbose version.write   authors: [ 'The Polymer Authors (http://polymer.github.io/AUTHORS.txt)' ],
6 verbose version.write   repository:
6 verbose version.write    { type: 'git',
6 verbose version.write      url: 'https://github.com/mohammed-softordi/polymer.git' },
6 verbose version.write   dependencies: { 'webcomponents.js': '^0.7.20' },
6 verbose version.write   devDependencies: { 'web-component-tester': '*' },
6 verbose version.write   keywords: [ 'webcomponents', 'polymer', 'polymer@1.4.0' ] } to package.json
7 info version polymer-v1.4.0@1.5.0
8 info git [ 'add', 'P:\\Desktop\\git-repos\\polymer\\package.json' ]
9 info git [ 'commit', '-m', '1.5.0' ]
10 info git [ 'tag', 'v1.5.0', '-am', '1.5.0' ]
11 verbose stack Error: Command failed: git -c core.longpaths=true tag v1.5.0 -am 1.5.0
11 verbose stack fatal: tag 'v1.5.0' already exists
11 verbose stack
11 verbose stack     at ChildProcess.exithandler (child_process.js:204:12)
11 verbose stack     at emitTwo (events.js:106:13)
11 verbose stack     at ChildProcess.emit (events.js:191:7)
11 verbose stack     at maybeClose (internal/child_process.js:886:16)
11 verbose stack     at Process.ChildProcess._handle.onexit (internal/child_process.js:226:5)
12 verbose cwd P:\Desktop\git-repos\polymer
13 error Windows_NT 6.1.7601
14 error argv "C:\\Program Files\\nodejs\\node.exe" "C:\\Program Files\\nodejs\\node_modules\\npm\\bin\\npm-cli.js" "version" "minor"
15 error node v6.10.3
16 error npm  v2.15.12
17 error code 128
18 error Command failed: git -c core.longpaths=true tag v1.5.0 -am 1.5.0
18 error fatal: tag 'v1.5.0' already exists
19 error If you need help, you may report this error at:
19 error     <https://github.com/npm/npm/issues>
20 verbose exit [ 1, true ]
